<?xml version="1.0" encoding="UTF-8"?>
<!-- Generated by org.testng.reporters.JUnitReportReporter -->
<testsuite hostname="DESKTOP-U2D6VLC" failures="0" tests="1" name="functionality.Login" time="59.837" errors="0" timestamp="19 Jan 2022 08:06:02 GMT">
  <testcase classname="functionality.Login" name="login" time="59.837"/>
</testsuite> <!-- functionality.Login -->
