<?xml version="1.0" encoding="UTF-8"?>
<!-- Generated by org.testng.reporters.JUnitReportReporter -->
<testsuite hostname="DESKTOP-U2D6VLC" failures="0" tests="1" name="functionality.Registration" time="79.349" errors="0" timestamp="19 Jan 2022 08:06:02 GMT">
  <testcase classname="functionality.Registration" name="resgistration" time="79.349"/>
</testsuite> <!-- functionality.Registration -->
